{"level":"error","message":"couldent get orderscouldent get orders","stack":"Error: couldent get orders\n    at F:\\yalla-notlob\\yalla-notlob-api\\routes\\orders.js:11:9\n    at newFn (F:\\yalla-notlob\\yalla-notlob-api\\node_modules\\express-async-errors\\index.js:16:20)\n    at Layer.handle [as handle_request] (F:\\yalla-notlob\\yalla-notlob-api\\node_modules\\express\\lib\\router\\layer.js:95:5)\n    at next (F:\\yalla-notlob\\yalla-notlob-api\\node_modules\\express\\lib\\router\\route.js:137:13)\n    at module.exports (F:\\yalla-notlob\\yalla-notlob-api\\middlewares\\auth.js:12:12)\n    at newFn (F:\\yalla-notlob\\yalla-notlob-api\\node_modules\\express-async-errors\\index.js:16:20)\n    at Layer.handle [as handle_request] (F:\\yalla-notlob\\yalla-notlob-api\\node_modules\\express\\lib\\router\\layer.js:95:5)\n    at next (F:\\yalla-notlob\\yalla-notlob-api\\node_modules\\express\\lib\\router\\route.js:137:13)\n    at Route.dispatch (F:\\yalla-notlob\\yalla-notlob-api\\node_modules\\express\\lib\\router\\route.js:112:3)\n    at newFn (F:\\yalla-notlob\\yalla-notlob-api\\node_modules\\express-async-errors\\index.js:16:20)\n    at Layer.handle [as handle_request] (F:\\yalla-notlob\\yalla-notlob-api\\node_modules\\express\\lib\\router\\layer.js:95:5)\n    at F:\\yalla-notlob\\yalla-notlob-api\\node_modules\\express\\lib\\router\\index.js:281:22\n    at Function.process_params (F:\\yalla-notlob\\yalla-notlob-api\\node_modules\\express\\lib\\router\\index.js:335:12)\n    at next (F:\\yalla-notlob\\yalla-notlob-api\\node_modules\\express\\lib\\router\\index.js:275:10)\n    at Function.handle (F:\\yalla-notlob\\yalla-notlob-api\\node_modules\\express\\lib\\router\\index.js:174:3)\n    at router (F:\\yalla-notlob\\yalla-notlob-api\\node_modules\\express\\lib\\router\\index.js:47:12)"}
{"message":"Cast to ObjectId failed for value \"dfsfdsfds\" at path \"_id\" for model \"Order\"Cast to ObjectId failed for value \"dfsfdsfds\" at path \"_id\" for model \"Order\"","name":"CastError","stringValue":"\"dfsfdsfds\"","kind":"ObjectId","value":"dfsfdsfds","path":"_id","reason":{},"level":"error","stack":"CastError: Cast to ObjectId failed for value \"dfsfdsfds\" at path \"_id\" for model \"Order\"\n    at new CastError (F:\\yalla-notlob\\yalla-notlob-api\\node_modules\\mongoose\\lib\\error\\cast.js:29:11)\n    at model.Query.exec (F:\\yalla-notlob\\yalla-notlob-api\\node_modules\\mongoose\\lib\\query.js:4341:21)\n    at model.Query.Query.then (F:\\yalla-notlob\\yalla-notlob-api\\node_modules\\mongoose\\lib\\query.js:4433:15)\n    at processTicksAndRejections (internal/process/task_queues.js:97:5)"}
{"level":"error","message":"couldent get orderscouldent get orders","stack":"Error: couldent get orders\n    at F:\\yalla-notlob\\yalla-notlob-api\\routes\\orders.js:11:9\n    at newFn (F:\\yalla-notlob\\yalla-notlob-api\\node_modules\\express-async-errors\\index.js:16:20)\n    at Layer.handle [as handle_request] (F:\\yalla-notlob\\yalla-notlob-api\\node_modules\\express\\lib\\router\\layer.js:95:5)\n    at next (F:\\yalla-notlob\\yalla-notlob-api\\node_modules\\express\\lib\\router\\route.js:137:13)\n    at module.exports (F:\\yalla-notlob\\yalla-notlob-api\\middlewares\\auth.js:12:12)\n    at newFn (F:\\yalla-notlob\\yalla-notlob-api\\node_modules\\express-async-errors\\index.js:16:20)\n    at Layer.handle [as handle_request] (F:\\yalla-notlob\\yalla-notlob-api\\node_modules\\express\\lib\\router\\layer.js:95:5)\n    at next (F:\\yalla-notlob\\yalla-notlob-api\\node_modules\\express\\lib\\router\\route.js:137:13)\n    at Route.dispatch (F:\\yalla-notlob\\yalla-notlob-api\\node_modules\\express\\lib\\router\\route.js:112:3)\n    at newFn (F:\\yalla-notlob\\yalla-notlob-api\\node_modules\\express-async-errors\\index.js:16:20)\n    at Layer.handle [as handle_request] (F:\\yalla-notlob\\yalla-notlob-api\\node_modules\\express\\lib\\router\\layer.js:95:5)\n    at F:\\yalla-notlob\\yalla-notlob-api\\node_modules\\express\\lib\\router\\index.js:281:22\n    at Function.process_params (F:\\yalla-notlob\\yalla-notlob-api\\node_modules\\express\\lib\\router\\index.js:335:12)\n    at next (F:\\yalla-notlob\\yalla-notlob-api\\node_modules\\express\\lib\\router\\index.js:275:10)\n    at Function.handle (F:\\yalla-notlob\\yalla-notlob-api\\node_modules\\express\\lib\\router\\index.js:174:3)\n    at router (F:\\yalla-notlob\\yalla-notlob-api\\node_modules\\express\\lib\\router\\index.js:47:12)"}
{"level":"error","message":"couldent get orderscouldent get orders","stack":"Error: couldent get orders\n    at F:\\yalla-notlob\\yalla-notlob-api\\routes\\orders.js:11:9\n    at newFn (F:\\yalla-notlob\\yalla-notlob-api\\node_modules\\express-async-errors\\index.js:16:20)\n    at Layer.handle [as handle_request] (F:\\yalla-notlob\\yalla-notlob-api\\node_modules\\express\\lib\\router\\layer.js:95:5)\n    at next (F:\\yalla-notlob\\yalla-notlob-api\\node_modules\\express\\lib\\router\\route.js:137:13)\n    at module.exports (F:\\yalla-notlob\\yalla-notlob-api\\middlewares\\auth.js:12:12)\n    at newFn (F:\\yalla-notlob\\yalla-notlob-api\\node_modules\\express-async-errors\\index.js:16:20)\n    at Layer.handle [as handle_request] (F:\\yalla-notlob\\yalla-notlob-api\\node_modules\\express\\lib\\router\\layer.js:95:5)\n    at next (F:\\yalla-notlob\\yalla-notlob-api\\node_modules\\express\\lib\\router\\route.js:137:13)\n    at Route.dispatch (F:\\yalla-notlob\\yalla-notlob-api\\node_modules\\express\\lib\\router\\route.js:112:3)\n    at newFn (F:\\yalla-notlob\\yalla-notlob-api\\node_modules\\express-async-errors\\index.js:16:20)\n    at Layer.handle [as handle_request] (F:\\yalla-notlob\\yalla-notlob-api\\node_modules\\express\\lib\\router\\layer.js:95:5)\n    at F:\\yalla-notlob\\yalla-notlob-api\\node_modules\\express\\lib\\router\\index.js:281:22\n    at Function.process_params (F:\\yalla-notlob\\yalla-notlob-api\\node_modules\\express\\lib\\router\\index.js:335:12)\n    at next (F:\\yalla-notlob\\yalla-notlob-api\\node_modules\\express\\lib\\router\\index.js:275:10)\n    at Function.handle (F:\\yalla-notlob\\yalla-notlob-api\\node_modules\\express\\lib\\router\\index.js:174:3)\n    at router (F:\\yalla-notlob\\yalla-notlob-api\\node_modules\\express\\lib\\router\\index.js:47:12)"}
{"level":"error","message":"couldent get orderscouldent get orders","stack":"Error: couldent get orders\n    at F:\\yalla-notlob\\yalla-notlob-api\\routes\\orders.js:11:9\n    at newFn (F:\\yalla-notlob\\yalla-notlob-api\\node_modules\\express-async-errors\\index.js:16:20)\n    at Layer.handle [as handle_request] (F:\\yalla-notlob\\yalla-notlob-api\\node_modules\\express\\lib\\router\\layer.js:95:5)\n    at next (F:\\yalla-notlob\\yalla-notlob-api\\node_modules\\express\\lib\\router\\route.js:137:13)\n    at module.exports (F:\\yalla-notlob\\yalla-notlob-api\\middlewares\\auth.js:12:12)\n    at newFn (F:\\yalla-notlob\\yalla-notlob-api\\node_modules\\express-async-errors\\index.js:16:20)\n    at Layer.handle [as handle_request] (F:\\yalla-notlob\\yalla-notlob-api\\node_modules\\express\\lib\\router\\layer.js:95:5)\n    at next (F:\\yalla-notlob\\yalla-notlob-api\\node_modules\\express\\lib\\router\\route.js:137:13)\n    at Route.dispatch (F:\\yalla-notlob\\yalla-notlob-api\\node_modules\\express\\lib\\router\\route.js:112:3)\n    at newFn (F:\\yalla-notlob\\yalla-notlob-api\\node_modules\\express-async-errors\\index.js:16:20)\n    at Layer.handle [as handle_request] (F:\\yalla-notlob\\yalla-notlob-api\\node_modules\\express\\lib\\router\\layer.js:95:5)\n    at F:\\yalla-notlob\\yalla-notlob-api\\node_modules\\express\\lib\\router\\index.js:281:22\n    at Function.process_params (F:\\yalla-notlob\\yalla-notlob-api\\node_modules\\express\\lib\\router\\index.js:335:12)\n    at next (F:\\yalla-notlob\\yalla-notlob-api\\node_modules\\express\\lib\\router\\index.js:275:10)\n    at Function.handle (F:\\yalla-notlob\\yalla-notlob-api\\node_modules\\express\\lib\\router\\index.js:174:3)\n    at router (F:\\yalla-notlob\\yalla-notlob-api\\node_modules\\express\\lib\\router\\index.js:47:12)"}
{"level":"error","message":"couldent get orderscouldent get orders","stack":"Error: couldent get orders\n    at F:\\yalla-notlob\\yalla-notlob-api\\routes\\orders.js:11:9\n    at newFn (F:\\yalla-notlob\\yalla-notlob-api\\node_modules\\express-async-errors\\index.js:16:20)\n    at Layer.handle [as handle_request] (F:\\yalla-notlob\\yalla-notlob-api\\node_modules\\express\\lib\\router\\layer.js:95:5)\n    at next (F:\\yalla-notlob\\yalla-notlob-api\\node_modules\\express\\lib\\router\\route.js:137:13)\n    at module.exports (F:\\yalla-notlob\\yalla-notlob-api\\middlewares\\auth.js:12:12)\n    at newFn (F:\\yalla-notlob\\yalla-notlob-api\\node_modules\\express-async-errors\\index.js:16:20)\n    at Layer.handle [as handle_request] (F:\\yalla-notlob\\yalla-notlob-api\\node_modules\\express\\lib\\router\\layer.js:95:5)\n    at next (F:\\yalla-notlob\\yalla-notlob-api\\node_modules\\express\\lib\\router\\route.js:137:13)\n    at Route.dispatch (F:\\yalla-notlob\\yalla-notlob-api\\node_modules\\express\\lib\\router\\route.js:112:3)\n    at newFn (F:\\yalla-notlob\\yalla-notlob-api\\node_modules\\express-async-errors\\index.js:16:20)\n    at Layer.handle [as handle_request] (F:\\yalla-notlob\\yalla-notlob-api\\node_modules\\express\\lib\\router\\layer.js:95:5)\n    at F:\\yalla-notlob\\yalla-notlob-api\\node_modules\\express\\lib\\router\\index.js:281:22\n    at Function.process_params (F:\\yalla-notlob\\yalla-notlob-api\\node_modules\\express\\lib\\router\\index.js:335:12)\n    at next (F:\\yalla-notlob\\yalla-notlob-api\\node_modules\\express\\lib\\router\\index.js:275:10)\n    at Function.handle (F:\\yalla-notlob\\yalla-notlob-api\\node_modules\\express\\lib\\router\\index.js:174:3)\n    at router (F:\\yalla-notlob\\yalla-notlob-api\\node_modules\\express\\lib\\router\\index.js:47:12)"}
{"level":"error","message":""}
{"level":"error"}
{"message":"uncaught Exception","level":"error"}
{"level":"error","message":"uncaught Exceptionuncaught Exception","stack":"Error: uncaught Exception\n    at Object.<anonymous> (F:\\yalla-notlob\\yalla-notlob-api\\app.js:16:7)\n    at Module._compile (internal/modules/cjs/loader.js:1158:30)\n    at Object.Module._extensions..js (internal/modules/cjs/loader.js:1178:10)\n    at Module.load (internal/modules/cjs/loader.js:1002:32)\n    at Function.Module._load (internal/modules/cjs/loader.js:901:14)\n    at Function.executeUserEntryPoint [as runMain] (internal/modules/run_main.js:74:12)\n    at internal/main/run_main_module.js:18:47"}
{"level":"error","message":"uncaught Exceptionuncaught Exception","stack":"Error: uncaught Exception\n    at Object.<anonymous> (F:\\yalla-notlob\\yalla-notlob-api\\app.js:16:7)\n    at Module._compile (internal/modules/cjs/loader.js:1158:30)\n    at Object.Module._extensions..js (internal/modules/cjs/loader.js:1178:10)\n    at Module.load (internal/modules/cjs/loader.js:1002:32)\n    at Function.Module._load (internal/modules/cjs/loader.js:901:14)\n    at Function.executeUserEntryPoint [as runMain] (internal/modules/run_main.js:74:12)\n    at internal/main/run_main_module.js:18:47"}
{"level":"error","message":"uncaught Exceptionuncaught Exception","stack":"Error: uncaught Exception\n    at Object.<anonymous> (F:\\yalla-notlob\\yalla-notlob-api\\app.js:17:7)\n    at Module._compile (internal/modules/cjs/loader.js:1158:30)\n    at Object.Module._extensions..js (internal/modules/cjs/loader.js:1178:10)\n    at Module.load (internal/modules/cjs/loader.js:1002:32)\n    at Function.Module._load (internal/modules/cjs/loader.js:901:14)\n    at Function.executeUserEntryPoint [as runMain] (internal/modules/run_main.js:74:12)\n    at internal/main/run_main_module.js:18:47"}
{"level":"error","message":"uncaught Exceptionuncaught Exception","stack":"Error: uncaught Exception\n    at Object.<anonymous> (F:\\yalla-notlob\\yalla-notlob-api\\app.js:17:7)\n    at Module._compile (internal/modules/cjs/loader.js:1158:30)\n    at Object.Module._extensions..js (internal/modules/cjs/loader.js:1178:10)\n    at Module.load (internal/modules/cjs/loader.js:1002:32)\n    at Function.Module._load (internal/modules/cjs/loader.js:901:14)\n    at Function.executeUserEntryPoint [as runMain] (internal/modules/run_main.js:74:12)\n    at internal/main/run_main_module.js:18:47"}
{"message":"Cast to ObjectId failed for value \"dsfdfdsfdsf\" at path \"_id\" for model \"Order\"Cast to ObjectId failed for value \"dsfdfdsfdsf\" at path \"_id\" for model \"Order\"","name":"CastError","stringValue":"\"dsfdfdsfdsf\"","kind":"ObjectId","value":"dsfdfdsfdsf","path":"_id","reason":{},"level":"error","stack":"CastError: Cast to ObjectId failed for value \"dsfdfdsfdsf\" at path \"_id\" for model \"Order\"\n    at new CastError (F:\\yalla-notlob\\yalla-notlob-api\\node_modules\\mongoose\\lib\\error\\cast.js:29:11)\n    at model.Query.exec (F:\\yalla-notlob\\yalla-notlob-api\\node_modules\\mongoose\\lib\\query.js:4341:21)\n    at model.Query.Query.then (F:\\yalla-notlob\\yalla-notlob-api\\node_modules\\mongoose\\lib\\query.js:4433:15)\n    at processTicksAndRejections (internal/process/task_queues.js:97:5)"}
{"message":"Connected to database...","level":"info"}
{"name":"MongoNetworkError","level":"error","message":"failed to connect to server [localhost:27017] on first connect [Error: connect ECONNREFUSED 127.0.0.1:27017\n    at TCPConnectWrap.afterConnect [as oncomplete] (net.js:1137:16) {\n  name: 'MongoNetworkError',\n  [Symbol(mongoErrorContextSymbol)]: {}\n}]failed to connect to server [localhost:27017] on first connect [Error: connect ECONNREFUSED 127.0.0.1:27017\n    at TCPConnectWrap.afterConnect [as oncomplete] (net.js:1137:16) {\n  name: 'MongoNetworkError',\n  [Symbol(mongoErrorContextSymbol)]: {}\n}]","stack":"MongoNetworkError: failed to connect to server [localhost:27017] on first connect [Error: connect ECONNREFUSED 127.0.0.1:27017\n    at TCPConnectWrap.afterConnect [as oncomplete] (net.js:1137:16) {\n  name: 'MongoNetworkError',\n  [Symbol(mongoErrorContextSymbol)]: {}\n}]\n    at Pool.<anonymous> (F:\\yalla-notlob\\yalla-notlob-api\\node_modules\\mongodb\\lib\\core\\topologies\\server.js:438:11)\n    at Pool.emit (events.js:311:20)\n    at F:\\yalla-notlob\\yalla-notlob-api\\node_modules\\mongodb\\lib\\core\\connection\\pool.js:561:14\n    at F:\\yalla-notlob\\yalla-notlob-api\\node_modules\\mongodb\\lib\\core\\connection\\pool.js:994:11\n    at F:\\yalla-notlob\\yalla-notlob-api\\node_modules\\mongodb\\lib\\core\\connection\\connect.js:31:7\n    at callback (F:\\yalla-notlob\\yalla-notlob-api\\node_modules\\mongodb\\lib\\core\\connection\\connect.js:264:5)\n    at Socket.<anonymous> (F:\\yalla-notlob\\yalla-notlob-api\\node_modules\\mongodb\\lib\\core\\connection\\connect.js:294:7)\n    at Object.onceWrapper (events.js:418:26)\n    at Socket.emit (events.js:311:20)\n    at emitErrorNT (internal/streams/destroy.js:92:8)\n    at emitErrorAndCloseNT (internal/streams/destroy.js:60:3)\n    at processTicksAndRejections (internal/process/task_queues.js:84:21)"}
{"name":"MongoNetworkError","level":"error","message":"failed to connect to server [localhost:27017] on first connect [Error: connect ECONNREFUSED 127.0.0.1:27017\n    at TCPConnectWrap.afterConnect [as oncomplete] (net.js:1137:16) {\n  name: 'MongoNetworkError',\n  [Symbol(mongoErrorContextSymbol)]: {}\n}]failed to connect to server [localhost:27017] on first connect [Error: connect ECONNREFUSED 127.0.0.1:27017\n    at TCPConnectWrap.afterConnect [as oncomplete] (net.js:1137:16) {\n  name: 'MongoNetworkError',\n  [Symbol(mongoErrorContextSymbol)]: {}\n}]","stack":"MongoNetworkError: failed to connect to server [localhost:27017] on first connect [Error: connect ECONNREFUSED 127.0.0.1:27017\n    at TCPConnectWrap.afterConnect [as oncomplete] (net.js:1137:16) {\n  name: 'MongoNetworkError',\n  [Symbol(mongoErrorContextSymbol)]: {}\n}]\n    at Pool.<anonymous> (F:\\yalla-notlob\\yalla-notlob-api\\node_modules\\mongodb\\lib\\core\\topologies\\server.js:438:11)\n    at Pool.emit (events.js:311:20)\n    at F:\\yalla-notlob\\yalla-notlob-api\\node_modules\\mongodb\\lib\\core\\connection\\pool.js:561:14\n    at F:\\yalla-notlob\\yalla-notlob-api\\node_modules\\mongodb\\lib\\core\\connection\\pool.js:994:11\n    at F:\\yalla-notlob\\yalla-notlob-api\\node_modules\\mongodb\\lib\\core\\connection\\connect.js:31:7\n    at callback (F:\\yalla-notlob\\yalla-notlob-api\\node_modules\\mongodb\\lib\\core\\connection\\connect.js:264:5)\n    at Socket.<anonymous> (F:\\yalla-notlob\\yalla-notlob-api\\node_modules\\mongodb\\lib\\core\\connection\\connect.js:294:7)\n    at Object.onceWrapper (events.js:418:26)\n    at Socket.emit (events.js:311:20)\n    at emitErrorNT (internal/streams/destroy.js:92:8)\n    at emitErrorAndCloseNT (internal/streams/destroy.js:60:3)\n    at processTicksAndRejections (internal/process/task_queues.js:84:21)"}
{"message":"Connected to database...","level":"info"}
{"message":"Connected to database...","level":"info"}
{"message":"Connected to database...","level":"info"}
{"message":"Connected to database...","level":"info"}
{"message":"Connected to database...","level":"info"}
{"message":"listening at port 8000","level":"info"}
{"message":"Connected to database...","level":"info"}
{"message":"listening at port 8000","level":"info"}
{"message":"Connected to database...","level":"info"}
{"message":"listening at port 8000","level":"info"}
{"message":"Connected to database...","level":"info"}
{"message":"listening at port 8000","level":"info"}
{"message":"Connected to database...","level":"info"}
{"message":"listening at port 8000","level":"info"}
{"message":"Connected to database...","level":"info"}
{"message":"listening at port 8000","level":"info"}
{"message":"Connected to database...","level":"info"}
{"message":"listening at port 8000","level":"info"}
{"message":"Connected to database...","level":"info"}
{"message":"listening at port 8000","level":"info"}
{"message":"Connected to database...","level":"info"}
{"message":"listening at port 8000","level":"info"}
{"message":"Connected to database...","level":"info"}
{"message":"listening at port 8000","level":"info"}
{"message":"Connected to database...","level":"info"}
{"message":"listening at port 8000","level":"info"}
{"message":"Connected to database...","level":"info"}
{"message":"listening at port 8000","level":"info"}
{"message":"Connected to database...","level":"info"}
{"expose":true,"statusCode":400,"status":400,"body":"{\n\t\"order\":\"dfngjfgndf\"\n\t\"item\":\"sfddsf\",\n\t\"amount\":3,\n\t\"price\":30,\n\t\"comment\":\"4ta zfdgyada\"\n}","type":"entity.parse.failed","level":"error","message":"Unexpected string in JSON at position 25Unexpected string in JSON at position 25","stack":"SyntaxError: Unexpected string in JSON at position 25\n    at JSON.parse (<anonymous>)\n    at parse (F:\\yalla-notlob\\yalla-notlob-api\\node_modules\\body-parser\\lib\\types\\json.js:89:19)\n    at F:\\yalla-notlob\\yalla-notlob-api\\node_modules\\body-parser\\lib\\read.js:121:18\n    at invokeCallback (F:\\yalla-notlob\\yalla-notlob-api\\node_modules\\raw-body\\index.js:224:16)\n    at done (F:\\yalla-notlob\\yalla-notlob-api\\node_modules\\raw-body\\index.js:213:7)\n    at IncomingMessage.onEnd (F:\\yalla-notlob\\yalla-notlob-api\\node_modules\\raw-body\\index.js:273:7)\n    at IncomingMessage.emit (events.js:323:22)\n    at endReadableNT (_stream_readable.js:1204:12)\n    at processTicksAndRejections (internal/process/task_queues.js:84:21)"}
{"message":"listening at port 8000","level":"info"}
{"message":"Connected to database...","level":"info"}
{"message":"listening at port 8000","level":"info"}
{"message":"Connected to database...","level":"info"}
{"code":"ERR_HTTP_HEADERS_SENT","level":"error","message":"Cannot set headers after they are sent to the clientCannot set headers after they are sent to the client","stack":"Error [ERR_HTTP_HEADERS_SENT]: Cannot set headers after they are sent to the client\n    at ServerResponse.setHeader (_http_outgoing.js:526:11)\n    at ServerResponse.header (F:\\yalla-notlob\\yalla-notlob-api\\node_modules\\express\\lib\\response.js:767:10)\n    at ServerResponse.send (F:\\yalla-notlob\\yalla-notlob-api\\node_modules\\express\\lib\\response.js:170:12)\n    at module.exports (F:\\yalla-notlob\\yalla-notlob-api\\middlewares\\auth.js:14:21)\n    at newFn (F:\\yalla-notlob\\yalla-notlob-api\\node_modules\\express-async-errors\\index.js:16:20)\n    at Layer.handle [as handle_request] (F:\\yalla-notlob\\yalla-notlob-api\\node_modules\\express\\lib\\router\\layer.js:95:5)\n    at next (F:\\yalla-notlob\\yalla-notlob-api\\node_modules\\express\\lib\\router\\route.js:137:13)\n    at Route.dispatch (F:\\yalla-notlob\\yalla-notlob-api\\node_modules\\express\\lib\\router\\route.js:112:3)\n    at newFn (F:\\yalla-notlob\\yalla-notlob-api\\node_modules\\express-async-errors\\index.js:16:20)\n    at Layer.handle [as handle_request] (F:\\yalla-notlob\\yalla-notlob-api\\node_modules\\express\\lib\\router\\layer.js:95:5)\n    at F:\\yalla-notlob\\yalla-notlob-api\\node_modules\\express\\lib\\router\\index.js:281:22\n    at Function.process_params (F:\\yalla-notlob\\yalla-notlob-api\\node_modules\\express\\lib\\router\\index.js:335:12)\n    at next (F:\\yalla-notlob\\yalla-notlob-api\\node_modules\\express\\lib\\router\\index.js:275:10)\n    at Function.handle (F:\\yalla-notlob\\yalla-notlob-api\\node_modules\\express\\lib\\router\\index.js:174:3)\n    at router (F:\\yalla-notlob\\yalla-notlob-api\\node_modules\\express\\lib\\router\\index.js:47:12)\n    at newFn (F:\\yalla-notlob\\yalla-notlob-api\\node_modules\\express-async-errors\\index.js:16:20)"}
{"message":"listening at port 8000","level":"info"}
{"message":"Connected to database...","level":"info"}
{"message":"listening at port 8000","level":"info"}
{"message":"Connected to database...","level":"info"}
{"level":"error","message":"Cannot read property '_id' of undefinedCannot read property '_id' of undefined","stack":"TypeError: Cannot read property '_id' of undefined\n    at module.exports (F:\\yalla-notlob\\yalla-notlob-api\\middlewares\\preRemoveUser.js:6:38)\n    at newFn (F:\\yalla-notlob\\yalla-notlob-api\\node_modules\\express-async-errors\\index.js:16:20)\n    at Layer.handle [as handle_request] (F:\\yalla-notlob\\yalla-notlob-api\\node_modules\\express\\lib\\router\\layer.js:95:5)\n    at next (F:\\yalla-notlob\\yalla-notlob-api\\node_modules\\express\\lib\\router\\route.js:137:13)\n    at module.exports (F:\\yalla-notlob\\yalla-notlob-api\\middlewares\\auth.js:5:43)\n    at newFn (F:\\yalla-notlob\\yalla-notlob-api\\node_modules\\express-async-errors\\index.js:16:20)\n    at Layer.handle [as handle_request] (F:\\yalla-notlob\\yalla-notlob-api\\node_modules\\express\\lib\\router\\layer.js:95:5)\n    at next (F:\\yalla-notlob\\yalla-notlob-api\\node_modules\\express\\lib\\router\\route.js:137:13)\n    at Route.dispatch (F:\\yalla-notlob\\yalla-notlob-api\\node_modules\\express\\lib\\router\\route.js:112:3)\n    at newFn (F:\\yalla-notlob\\yalla-notlob-api\\node_modules\\express-async-errors\\index.js:16:20)\n    at Layer.handle [as handle_request] (F:\\yalla-notlob\\yalla-notlob-api\\node_modules\\express\\lib\\router\\layer.js:95:5)\n    at F:\\yalla-notlob\\yalla-notlob-api\\node_modules\\express\\lib\\router\\index.js:281:22\n    at Function.process_params (F:\\yalla-notlob\\yalla-notlob-api\\node_modules\\express\\lib\\router\\index.js:335:12)\n    at next (F:\\yalla-notlob\\yalla-notlob-api\\node_modules\\express\\lib\\router\\index.js:275:10)\n    at Function.handle (F:\\yalla-notlob\\yalla-notlob-api\\node_modules\\express\\lib\\router\\index.js:174:3)\n    at router (F:\\yalla-notlob\\yalla-notlob-api\\node_modules\\express\\lib\\router\\index.js:47:12)"}
{"message":"listening at port 8000","level":"info"}
{"message":"Connected to database...","level":"info"}
{"level":"error","message":"Cannot read property '_id' of undefinedCannot read property '_id' of undefined","stack":"TypeError: Cannot read property '_id' of undefined\n    at module.exports (F:\\yalla-notlob\\yalla-notlob-api\\middlewares\\preRemoveUser.js:6:38)\n    at newFn (F:\\yalla-notlob\\yalla-notlob-api\\node_modules\\express-async-errors\\index.js:16:20)\n    at Layer.handle [as handle_request] (F:\\yalla-notlob\\yalla-notlob-api\\node_modules\\express\\lib\\router\\layer.js:95:5)\n    at next (F:\\yalla-notlob\\yalla-notlob-api\\node_modules\\express\\lib\\router\\route.js:137:13)\n    at module.exports (F:\\yalla-notlob\\yalla-notlob-api\\middlewares\\auth.js:5:43)\n    at newFn (F:\\yalla-notlob\\yalla-notlob-api\\node_modules\\express-async-errors\\index.js:16:20)\n    at Layer.handle [as handle_request] (F:\\yalla-notlob\\yalla-notlob-api\\node_modules\\express\\lib\\router\\layer.js:95:5)\n    at next (F:\\yalla-notlob\\yalla-notlob-api\\node_modules\\express\\lib\\router\\route.js:137:13)\n    at Route.dispatch (F:\\yalla-notlob\\yalla-notlob-api\\node_modules\\express\\lib\\router\\route.js:112:3)\n    at newFn (F:\\yalla-notlob\\yalla-notlob-api\\node_modules\\express-async-errors\\index.js:16:20)\n    at Layer.handle [as handle_request] (F:\\yalla-notlob\\yalla-notlob-api\\node_modules\\express\\lib\\router\\layer.js:95:5)\n    at F:\\yalla-notlob\\yalla-notlob-api\\node_modules\\express\\lib\\router\\index.js:281:22\n    at Function.process_params (F:\\yalla-notlob\\yalla-notlob-api\\node_modules\\express\\lib\\router\\index.js:335:12)\n    at next (F:\\yalla-notlob\\yalla-notlob-api\\node_modules\\express\\lib\\router\\index.js:275:10)\n    at Function.handle (F:\\yalla-notlob\\yalla-notlob-api\\node_modules\\express\\lib\\router\\index.js:174:3)\n    at router (F:\\yalla-notlob\\yalla-notlob-api\\node_modules\\express\\lib\\router\\index.js:47:12)"}
{"message":"listening at port 8000","level":"info"}
{"message":"Connected to database...","level":"info"}
{"message":"listening at port 8000","level":"info"}
{"message":"Connected to database...","level":"info"}
{"message":"listening at port 8000","level":"info"}
{"message":"Connected to database...","level":"info"}
{"message":"listening at port 8000","level":"info"}
{"message":"Connected to database...","level":"info"}
{"message":"listening at port 8000","level":"info"}
{"message":"Connected to database...","level":"info"}
{"message":"listening at port 8000","level":"info"}
{"message":"Connected to database...","level":"info"}
{"message":"listening at port 8000","level":"info"}
{"message":"Connected to database...","level":"info"}
{"message":"listening at port 8000","level":"info"}
{"message":"Connected to database...","level":"info"}
{"message":"listening at port 8000","level":"info"}
{"message":"Connected to database...","level":"info"}
{"message":"listening at port 8000","level":"info"}
{"message":"Connected to database...","level":"info"}
{"message":"listening at port 8000","level":"info"}
{"message":"Connected to database...","level":"info"}
{"message":"listening at port 8000","level":"info"}
{"message":"Connected to database...","level":"info"}
{"message":"listening at port 8000","level":"info"}
{"message":"Connected to database...","level":"info"}
{"message":"listening at port 8000","level":"info"}
{"message":"Connected to database...","level":"info"}
{"message":"listening at port 8000","level":"info"}
{"message":"Connected to database...","level":"info"}
{"message":"listening at port 8000","level":"info"}
{"message":"Connected to database...","level":"info"}
